{"level":"info","message":"POST /login"}
{"level":"info","message":"GET /books"}
{"level":"info","message":"GET /books"}
{"level":"info","message":"GET /search?q=dune"}
{"level":"info","message":"GET /search?q=duna"}
{"level":"info","message":"GET /books"}
{"level":"info","message":"GET /books"}
{"level":"info","message":"POST /login"}
{"level":"info","message":"GET /books"}
{"level":"info","message":"GET /books"}
{"level":"info","message":"POST /login"}
{"level":"info","message":"POST /login"}
{"level":"info","message":"POST /login"}
{"level":"info","message":"POST /login"}
{"level":"info","message":"GET /login"}
{"level":"info","message":"POST /login"}
{"level":"info","message":"POST /login"}
{"level":"info","message":"POST /api/login"}
{"level":"info","message":"GET /books"}
{"level":"info","message":"GET /books"}
{"level":"info","message":"POST /login"}
{"level":"info","message":"POST /login"}
{"level":"info","message":"GET /books"}
{"level":"info","message":"GET /books"}
{"level":"info","message":"POST /login"}
{"level":"info","message":"GET /books"}
{"level":"info","message":"GET /books"}
{"level":"info","message":"GET /books"}
{"level":"info","message":"GET /books"}
{"level":"info","message":"GET /books?q=dune"}
{"level":"info","message":"POST /books"}
{"level":"info","message":"GET /books"}
{"level":"info","message":"GET /books"}
{"level":"info","message":"GET /books?q=%C3%A9%20assim%20que%20acaba"}
{"level":"info","message":"POST /books"}
